PS F:\deep-fingerprinting> & "C:/Program Files/Python310/python.exe" f:/deep-fingerprinting/src/ClosedWorld_LSTM_WTFPAD.py
Training and evaluating DF model for closed-world scenario on non-defended dataset
Number of Epoch:  100
Loading and preparing data for training, and evaluating the model
Sample data: [0, 0.000453948974609375, -0.007292032241821289, -2.8133392333984375e-05, 0.0006420612335205078, 0.14671993255615234, 0.14769601821899414, -0.04185795783996582, 0.0010290145874023438, -0.004523038864135742, 0.0007128715515136719, -0.18584394454956055, 0.0004191398620605469, -0.02953195571899414, 0.0004589557647705078, -0.158905029296875, -4.792213439941406e-05, 0.0009300708770751953, -0.021635055541992188, -0.11397409439086914, 0.001065969467163086, 0.0901038646697998, -0.18906593322753906, 0.0004420280456542969, -0.03089308738708496, 0.0013339519500732422, -0.17296600341796875, 0.0007460117340087891, -0.03890800476074219, 0.001085042953491211, -0.17807507514953613, -0.03390097618103027, 0.0003008842468261719, -0.21090197563171387, -2.7179718017578125e-05, 0.0006208419799804688, 0.24926209449768066, 0.1968400478363037, -0.013118982315063477, 0.0007889270782470703, -0.23752188682556152, 0.0011141300201416016, -0.2699120044708252, 0.17991399765014648, -0.21084094047546387, 0.0005290508270263672, 
-0.2525360584259033, 0.0007219314575195312, -0.4171779155731201, 0.034623146057128906, 0.0008280277252197266, -0.0029458999633789062, 0.0010781288146972656, 0.20597386360168457, 0.08327293395996094, -0.06443905830383301, -0.06883502006530762, -3.1948089599609375e-05, -1.0013580322265625e-05, 0.012008190155029297, 0.0011196136474609375, 3.5762786865234375e-06, -0.024342775344848633, 0.00042700767517089844, -0.04769778251647949, 0.0010352134704589844, -0.09383988380432129, 0.0049839019775390625, 3.9577484130859375e-05, 0.0009286403656005859, -0.075347900390625, -3.0040740966796875e-05, -0.03544783592224121, 0.0005221366882324219, -0.09334802627563477, 0.0030128955841064453, 0.04183697700500488, 0.0008759498596191406, -0.0706782341003418, -4.38690185546875e-05, 0.0006251335144042969, -0.08021783828735352, -3.504753112792969e-05, 0.0006160736083984375, -0.01587700843811035, 0.15038084983825684, -0.14443111419677734, -0.0051419734954833984, -0.018982887268066406, 0.01801300048828125, 0.0020020008087158203, -0.03297019004821777, 0.0007088184356689453, 0.025591135025024414, -0.11236906051635742, 0.003834962844848633, 0.03501486778259277, 0.0009591579437255859, 0.0001125335693359375, 0.1660921573638916, 5.9604644775390625e-06, 0.004140615463256836, -0.0204465389251709, 0.0026290416717529297, -0.050189971923828125, -0.0001480579376220703, 0.00033402442932128906, -0.15878605842590332, -0.05366086959838867, -0.03639507293701172, -0.035772085189819336, 0.0007870197296142578, 0.00023508071899414062, -0.006044864654541016, 0.00045800209045410156, -0.16742300987243652, 0.0018839836120605469, 0.13770604133605957, -0.03499484062194824, -3.314018249511719e-05, 0.0006468296051025391, -0.30695009231567383, 0.0008099079132080078, -0.0052950382232666016, 0.0663151741027832, -0.07669878005981445, -0.009074211120605469, -1.9788742065429688e-05, -0.00013208389282226562, -0.0001709461212158203, -1.0013580322265625e-05, -0.0339810848236084, -0.0001430511474609375, -6.9141387939453125e-06, -0.00684809684753418, 0.04697132110595703, 6.67572021484375e-06, 6.842613220214844e-05, 0.002317667007446289, 0.002912282943725586, 4.76837158203125e-05, -0.0909738540649414, 0.00032806396484375, -0.02583599090576172, -0.00012683868408203125, -1.2159347534179688e-05, -7.867813110351562e-06, -6.198883056640625e-06, -5.9604644775390625e-06, -0.0001609325408935547, 0.0012249946594238281, -0.03265690803527832, -9.417533874511719e-05, -6.9141387939453125e-06, -0.01084589958190918, 0.00047898292541503906, 6.318092346191406e-05, -0.03251004219055176, -0.0001068115234375, -7.152557373046875e-06, -2.86102294921875e-06, -2.1457672119140625e-06, 0.06448984146118164, -0.06795716285705566, -2.6941299438476562e-05, -1.9073486328125e-05, -5.0067901611328125e-06, -5.0067901611328125e-06, -5.9604644775390625e-06, 0.0012538433074951172, -0.10370612144470215, -7.867813110351562e-06, 0.0007011890411376953, -0.018751859664916992, 
0.0011379718780517578, -0.10270404815673828, 0.0007760524749755859, -0.08886909484863281, 0.00039386749267578125, 0.0013649463653564453, 0.0003476142883300781, -0.024681568145751953, 0.0007638931274414062, 0.10142207145690918, 0.026638031005859375, 0.001993894577026367, -0.046048879623413086, -2.6226043701171875e-05, 0.0006108283996582031, -0.1392371654510498, 0.022664785385131836, 0.06966400146484375, -0.034240007400512695, 0.0003991127014160156, 0.10634398460388184, 5.316734313964844e-05, -0.002805948257446289, -0.027315855026245117, -3.0994415283203125e-05, -0.022349119186401367, 0.0007598400115966797, -0.1875920295715332, 0.0042841434478759766, -0.0013799667358398438, 0.0006029605865478516, 1.9788742065429688e-05, 0.0018990039825439453, -0.013499259948730469, -0.0033419132232666016, 0.0007131099700927734, -0.18498897552490234, 0.0007538795471191406, -0.03975796699523926, 3.218650817871094e-05, -5.0067901611328125e-06, -5.0067901611328125e-06, -0.15473198890686035, -0.015398979187011719, 0.040724992752075195, -0.007328987121582031, -0.2022109031677246, -0.05742311477661133, -0.012535810470581055, -0.0013751983642578125, -0.00019288063049316406, -1.1920928955078125e-05, -7.152557373046875e-06, -5.9604644775390625e-06, 0.0034918785095214844, -0.03235316276550293, -0.002866983413696289, -2.4080276489257812e-05, -0.10057592391967773, -9.298324584960938e-05, -0.06967592239379883, -8.606910705566406e-05, -0.0015399456024169922, -0.00011801719665527344, -1.811981201171875e-05, -3.814697265625e-06, -3.0994415283203125e-06, -1.9073486328125e-06, -3.0994415283203125e-06, -4.0531158447265625e-06, -0.003371000289916992, 2.8848648071289062e-05, 5.4836273193359375e-06, -7.367134094238281e-05, -0.1358029842376709, -6.4849853515625e-05, -5.0067901611328125e-06, -3.0994415283203125e-06, -1.9073486328125e-06, -3.0994415283203125e-06, -3.0994415283203125e-06, 0.023052215576171875, 
-0.047841548919677734, -4.9114227294921875e-05, -1.3113021850585938e-05, -0.00024580955505371094, -0.0001971721649169922, -1.1920928955078125e-05, -4.0531158447265625e-06, -1.9073486328125e-06, -3.0994415283203125e-06, -1.9073486328125e-06, -0.0026319026947021484, -7.319450378417969e-05, -1.1920928955078125e-05, 0.03950190544128418, -0.0004591941833496094, -0.0002048015594482422, -1.2159347534179688e-05, -4.0531158447265625e-06, -0.16728997230529785, -9.584426879882812e-05, -5.9604644775390625e-06, -3.0994415283203125e-06, -3.0994415283203125e-06, -2.86102294921875e-06, -3.0994415283203125e-06, -1.9073486328125e-06, -3.0994415283203125e-06, -1.9073486328125e-06, -3.0994415283203125e-06, -1.9073486328125e-06, -0.0005121231079101562, -0.0002219676971435547, -1.3828277587890625e-05, -4.0531158447265625e-06, -5.0067901611328125e-06, -4.0531158447265625e-06, -4.0531158447265625e-06, -5.0067901611328125e-06, -4.0531158447265625e-06, -2.86102294921875e-06, -0.03966712951660156, -2.288818359375e-05, -7.200241088867188e-05, -5.9604644775390625e-06, -4.0531158447265625e-06, 0.0003960132598876953, -0.002332925796508789, 3.0040740966796875e-05, -0.00010395050048828125, -5.9604644775390625e-06, -3.0994415283203125e-06, 0.00022983551025390625, -0.16711711883544922, -0.00016999244689941406, -1.5020370483398438e-05, -3.0994415283203125e-06, -4.0531158447265625e-06, -2.86102294921875e-06, -3.0994415283203125e-06, -2.86102294921875e-06, -2.1457672119140625e-06, -2.86102294921875e-06, -3.0994415283203125e-06, -0.0003800392150878906, -0.00021195411682128906, -1.0013580322265625e-05, -2.86102294921875e-06, -5.0067901611328125e-06, -3.0994415283203125e-06, -5.0067901611328125e-06, -2.86102294921875e-06, -0.03956913948059082, -0.00017499923706054688, -2.002716064453125e-05, -5.0067901611328125e-06, -1.1920928955078125e-05, -5.9604644775390625e-06, -5.0067901611328125e-06, -4.0531158447265625e-06, -5.0067901611328125e-06, -4.0531158447265625e-06, -4.0531158447265625e-06, 0.0005037784576416016, -0.002045154571533203, 1.5974044799804688e-05, -0.00017595291137695312, -5.9604644775390625e-06, -3.0994415283203125e-06, -2.86102294921875e-06, -0.16742920875549316, -2.09808349609375e-05, -1.2874603271484375e-05, -0.0005059242248535156, -0.000244140625, -6.9141387939453125e-06, -7.152557373046875e-06, -3.814697265625e-06, -3.0994415283203125e-06, -3.0994415283203125e-06, -2.86102294921875e-06, -3.0994415283203125e-06, -2.86102294921875e-06, -2.1457672119140625e-06, -1.9073486328125e-06, -3.0994415283203125e-06, -1.9073486328125e-06, -1.9073486328125e-06, -0.00018405914306640625, -5.9604644775390625e-06, -3.0994415283203125e-06, -3.0994415283203125e-06, 0.0006368160247802734, 1.6450881958007812e-05, 0.0014619827270507812, 0.023561716079711914, 0.00014281272888183594, -0.013560056686401367, -0.0001361370086669922, -1.1920928955078125e-05, -4.0531158447265625e-06, -4.0531158447265625e-06, -2.86102294921875e-06, -2.1457672119140625e-06, -2.86102294921875e-06, 0.0024569034576416016, 8.606910705566406e-05, 0.0003101825714111328, 4.458427429199219e-05, -0.21445035934448242, -0.0002448558807373047, -5.0067901611328125e-06, -0.0013241767883300781, -1.9788742065429688e-05, -1.1205673217773438e-05, -0.016227006912231445, -9.989738464355469e-05, -9.059906005859375e-06, -0.0019538402557373047, -0.00016498565673828125, -1.71661376953125e-05, -3.814697265625e-06, -2.1457672119140625e-06, -0.003943920135498047, -2.09808349609375e-05, -1.3113021850585938e-05, -0.0004699230194091797, -0.0001919269561767578, -9.059906005859375e-06, 0.00019502639770507812, -0.00035190582275390625, -0.0001850128173828125, -0.0071179866790771484, -2.3126602172851562e-05, -5.0067901611328125e-06, -0.0071659088134765625, -5.602836608886719e-05, -1.4066696166992188e-05, -0.00017499923706054688, -7.867813110351562e-06, -0.006494998931884766, -2.4080276489257812e-05, -1.1920928955078125e-05, -3.0994415283203125e-06, -0.011214017868041992, -2.4080276489257812e-05, -1.2874603271484375e-05, -3.0994415283203125e-06, -2.86102294921875e-06, -2.1457672119140625e-06, -0.005767822265625, -2.3126602172851562e-05, -0.03370308876037598, -1.9788742065429688e-05, -1.3113021850585938e-05, -3.0994415283203125e-06, -0.004197835922241211, -0.00019311904907226562, -1.5020370483398438e-05, 0.034047842025756836, 0.002335071563720703, 8.106231689453125e-05, 5.1021575927734375e-05, -0.07273602485656738, -2.09808349609375e-05, -1.5020370483398438e-05, 0.0573878288269043, -0.010771036148071289, -2.5987625122070312e-05, -5.0067901611328125e-06, -0.007031917572021484, -0.00023508071899414062, -1.5974044799804688e-05, -0.0002410411834716797, -0.00019693374633789062, 0.0005681514739990234, -0.009881973266601562, -2.5987625122070312e-05, -1.6927719116210938e-05, -0.0001399517059326172, -0.00016808509826660156, -1.5020370483398438e-05, -0.0001850128173828125, -9.059906005859375e-06, -1.1920928955078125e-05, -0.00016188621520996094, -1.2159347534179688e-05, -0.0001919269561767578, -0.0016031265258789062, -9.584426879882812e-05, -1.9073486328125e-05, -0.010622024536132812, -3.790855407714844e-05, -8.106231689453125e-06, -0.0018270015716552734, -0.00011992454528808594, -1.5974044799804688e-05, -0.00023412704467773438, -0.0001888275146484375, -0.008184194564819336, -0.0002219676971435547, -2.193450927734375e-05, -0.0008978843688964844, 0.0014801025390625, -0.02059197425842285, -3.0040740966796875e-05, -5.0067901611328125e-06, -3.0994415283203125e-06, -1.9073486328125e-06, -2.86102294921875e-06, -2.1457672119140625e-06, -2.86102294921875e-06, -2.1457672119140625e-06, -6.9141387939453125e-06, -3.0994415283203125e-06, 0.0006048679351806641, -0.07671403884887695, -3.0994415283203125e-05, -5.0067901611328125e-06, -3.0994415283203125e-06, -4.0531158447265625e-06, -2.86102294921875e-06, -1.9073486328125e-06, -3.0994415283203125e-06, -3.0994415283203125e-06, -1.9073486328125e-06, -3.0994415283203125e-06, -2.86102294921875e-06, -0.04105496406555176, -0.00011301040649414062, -0.026973962783813477, 4.8160552978515625e-05, -6.9141387939453125e-06, -5.0067901611328125e-06, -5.602836608886719e-05, -0.0179290771484375, -0.00010895729064941406, -1.4066696166992188e-05, -2.86102294921875e-06, -3.0994415283203125e-06, -1.9073486328125e-06, -7.152557373046875e-06, -2.86102294921875e-06, -4.0531158447265625e-06, -2.86102294921875e-06, -2.1457672119140625e-06, -2.86102294921875e-06, -3.0994415283203125e-06, -0.0023839473724365234, -0.0001659393310546875, -1.71661376953125e-05, -2.86102294921875e-06, -7.152557373046875e-06, -2.86102294921875e-06, -5.9604644775390625e-06, -2.1457672119140625e-06, -5.9604644775390625e-06, -1.9073486328125e-06, -5.0067901611328125e-06, -3.0994415283203125e-06, -5.0067901611328125e-06, -4.0531158447265625e-06, -4.0531158447265625e-06, -6.9141387939453125e-06, -4.0531158447265625e-06, -8.797645568847656e-05, -0.02107095718383789, -9.393692016601562e-05, -1.5020370483398438e-05, -3.0994415283203125e-06, -6.9141387939453125e-06, 0.00040411949157714844, -0.19006800651550293, 4.1961669921875e-05, -0.020618915557861328, -0.018728017807006836, -4.00543212890625e-05, -0.022786855697631836, -3.600120544433594e-05, -0.00018310546875, -7.867813110351562e-06, -7.152557373046875e-06, -2.86102294921875e-06, -0.00023698806762695312, -7.152557373046875e-06, -4.0531158447265625e-06, -0.4172189235687256, -2.7894973754882812e-05, -3.0994415283203125e-06, -5.0067901611328125e-06, -5.0067901611328125e-06, -4.0531158447265625e-06, -3.814697265625e-06, -3.0994415283203125e-06, -5.0067901611328125e-06, -4.0531158447265625e-06, -4.0531158447265625e-06, -3.814697265625e-06, -5.0067901611328125e-06, -4.0531158447265625e-06, -4.0531158447265625e-06, -2.86102294921875e-06, -4.0531158447265625e-06, -5.0067901611328125e-06, -3.0994415283203125e-06, -4.0531158447265625e-06, -2.86102294921875e-06, -4.0531158447265625e-06, -4.0531158447265625e-06, -5.0067901611328125e-06, -2.86102294921875e-06, -4.0531158447265625e-06, -4.0531158447265625e-06, -4.0531158447265625e-06, 0.0019299983978271484, 0.0020248889923095703, 0.0009000301361083984, -0.20582985877990723, -4.220008850097656e-05, -1.7881393432617188e-05, -4.0531158447265625e-06, -5.3882598876953125e-05, -2.3126602172851562e-05, -0.0, -9.059906005859375e-06, -0.0, -0.00012087821960449219, -5.0067901611328125e-06, -0.0, -5.0067901611328125e-06, -0.0, -0.0, -0.0, -0.0, -0.0, -0.0, -0.00017595291137695312, -9.059906005859375e-06, -2.9087066650390625e-05, -0.0, -0.0, -0.0, -0.0, -1.3828277587890625e-05, -1.1920928955078125e-06, -0.0, -0.0, -5.0067901611328125e-06, -0.0, -0.00014090538024902344, -2.9087066650390625e-05, -0.0, -0.0, 1.8835067749023438e-05, 0.0006680488586425781, -0.0005910396575927734, -1.7881393432617188e-05, -2.5987625122070312e-05, -0.00015211105346679688, -3.2901763916015625e-05, -0.0, -1.3113021850585938e-05, -1.9073486328125e-06, -0.0, -0.0, -7.152557373046875e-06, -9.5367431640625e-07, -0.0, -5.0067901611328125e-06, -0.0, -0.0001289844512939453, -2.6941299438476562e-05, -9.5367431640625e-07, -0.0, -0.0, -1.0967254638671875e-05, -0.0, -4.0531158447265625e-06, -0.0, -0.0, -0.0, -0.0, -0.00014209747314453125, -0.0, -1.5974044799804688e-05, -0.0, -0.0, -0.0, -0.0, -0.0, -0.00011587142944335938, -0.0, -2.1457672119140625e-06, 0.0005249977111816406, 0.2089390754699707, -0.06266379356384277, -0.16727614402770996, -0.08171200752258301, 0.08646202087402344, 0.2508540153503418, -0.33321094512939453, -0.00039696693420410156, -2.002716064453125e-05, -0.0077550411224365234, -3.1948089599609375e-05, -0.025474071502685547, -0.0004019737243652344, -1.8835067749023438e-05, -0.011834144592285156, -0.0001990795135498047, -1.3828277587890625e-05, -0.00020599365234375, -0.000202178955078125, -1.8835067749023438e-05, -0.002727985382080078, -2.2172927856445312e-05, -6.9141387939453125e-06, -0.0001480579376220703, -1.2874603271484375e-05, 0.00015306472778320312, -0.0004000663757324219, -1.5020370483398438e-05, -7.867813110351562e-06, 0.0006744861602783203, 0.0005013942718505859]
Number of class: 100
2516 train samples
630 validation samples
787 test samples
Building and training DF model
WARNING:tensorflow:Layer lstm will not use cuDNN kernels since it doesn't meet the criteria. It will use a generic GPU kernel as fallback when running on GPU.
Model compiled
Epoch 1/100
20/20 - 18s - loss: 4.5107 - accuracy: 0.0195 - val_loss: 4.5826 - val_accuracy: 0.0095 - 18s/epoch - 879ms/step
Epoch 2/100
20/20 - 3s - loss: 4.2283 - accuracy: 0.0386 - val_loss: 5.0137 - val_accuracy: 0.0063 - 3s/epoch - 134ms/step
Epoch 3/100
20/20 - 3s - loss: 4.0146 - accuracy: 0.0596 - val_loss: 5.6345 - val_accuracy: 0.0111 - 3s/epoch - 135ms/step
Epoch 4/100
20/20 - 3s - loss: 3.7624 - accuracy: 0.0978 - val_loss: 5.6537 - val_accuracy: 0.0048 - 3s/epoch - 139ms/step
Epoch 5/100
20/20 - 3s - loss: 3.5181 - accuracy: 0.1312 - val_loss: 6.0966 - val_accuracy: 0.0079 - 3s/epoch - 136ms/step
Epoch 6/100
20/20 - 3s - loss: 3.3893 - accuracy: 0.1399 - val_loss: 6.2743 - val_accuracy: 0.0048 - 3s/epoch - 137ms/step
Epoch 7/100
20/20 - 3s - loss: 3.2088 - accuracy: 0.1797 - val_loss: 6.4441 - val_accuracy: 0.0095 - 3s/epoch - 140ms/step
Epoch 8/100
20/20 - 3s - loss: 3.0475 - accuracy: 0.2146 - val_loss: 6.3990 - val_accuracy: 0.0095 - 3s/epoch - 136ms/step
Epoch 9/100
20/20 - 3s - loss: 2.9216 - accuracy: 0.2397 - val_loss: 7.0312 - val_accuracy: 0.0079 - 3s/epoch - 134ms/step
Epoch 10/100
20/20 - 3s - loss: 2.8038 - accuracy: 0.2595 - val_loss: 7.0879 - val_accuracy: 0.0079 - 3s/epoch - 137ms/step
Epoch 11/100
20/20 - 3s - loss: 2.6064 - accuracy: 0.2989 - val_loss: 7.0040 - val_accuracy: 0.0048 - 3s/epoch - 132ms/step
Epoch 12/100
20/20 - 3s - loss: 2.4760 - accuracy: 0.3303 - val_loss: 6.9472 - val_accuracy: 0.0111 - 3s/epoch - 136ms/step
Epoch 13/100
20/20 - 3s - loss: 2.3572 - accuracy: 0.3621 - val_loss: 7.2569 - val_accuracy: 0.0111 - 3s/epoch - 136ms/step
Epoch 14/100
20/20 - 3s - loss: 2.1905 - accuracy: 0.4002 - val_loss: 7.3854 - val_accuracy: 0.0127 - 3s/epoch - 136ms/step
Epoch 15/100
20/20 - 3s - loss: 2.0568 - accuracy: 0.4336 - val_loss: 7.6779 - val_accuracy: 0.0079 - 3s/epoch - 134ms/step
Epoch 16/100
20/20 - 3s - loss: 2.0169 - accuracy: 0.4404 - val_loss: 7.7965 - val_accuracy: 0.0079 - 3s/epoch - 135ms/step
Epoch 17/100
20/20 - 3s - loss: 1.8570 - accuracy: 0.4789 - val_loss: 8.2950 - val_accuracy: 0.0127 - 3s/epoch - 136ms/step
Epoch 18/100
20/20 - 3s - loss: 1.6980 - accuracy: 0.5135 - val_loss: 8.1358 - val_accuracy: 0.0159 - 3s/epoch - 136ms/step
Epoch 19/100
20/20 - 3s - loss: 1.6290 - accuracy: 0.5338 - val_loss: 7.7083 - val_accuracy: 0.0143 - 3s/epoch - 135ms/step
Epoch 20/100
20/20 - 3s - loss: 1.5356 - accuracy: 0.5545 - val_loss: 7.2092 - val_accuracy: 0.0317 - 3s/epoch - 136ms/step
Epoch 21/100
20/20 - 3s - loss: 1.3931 - accuracy: 0.6014 - val_loss: 7.3047 - val_accuracy: 0.0302 - 3s/epoch - 137ms/step
Epoch 22/100
20/20 - 3s - loss: 1.3249 - accuracy: 0.6097 - val_loss: 7.0878 - val_accuracy: 0.0365 - 3s/epoch - 138ms/step
Epoch 23/100
20/20 - 3s - loss: 1.2427 - accuracy: 0.6351 - val_loss: 6.4020 - val_accuracy: 0.0476 - 3s/epoch - 138ms/step
Epoch 24/100
20/20 - 3s - loss: 1.1318 - accuracy: 0.6753 - val_loss: 6.0450 - val_accuracy: 0.0810 - 3s/epoch - 138ms/step
Epoch 25/100
20/20 - 3s - loss: 1.0243 - accuracy: 0.6971 - val_loss: 6.7174 - val_accuracy: 0.0556 - 3s/epoch - 137ms/step
Epoch 26/100
20/20 - 3s - loss: 0.9823 - accuracy: 0.7114 - val_loss: 6.5409 - val_accuracy: 0.0794 - 3s/epoch - 136ms/step
Epoch 27/100
20/20 - 3s - loss: 0.9220 - accuracy: 0.7333 - val_loss: 5.3215 - val_accuracy: 0.1175 - 3s/epoch - 137ms/step
Epoch 28/100
20/20 - 3s - loss: 0.8442 - accuracy: 0.7544 - val_loss: 4.9747 - val_accuracy: 0.1540 - 3s/epoch - 138ms/step
Epoch 29/100
20/20 - 3s - loss: 0.7641 - accuracy: 0.7794 - val_loss: 4.5821 - val_accuracy: 0.1921 - 3s/epoch - 137ms/step
Epoch 30/100
20/20 - 3s - loss: 0.6919 - accuracy: 0.8124 - val_loss: 4.7311 - val_accuracy: 0.1968 - 3s/epoch - 133ms/step
Epoch 31/100
20/20 - 3s - loss: 0.6283 - accuracy: 0.8287 - val_loss: 4.7062 - val_accuracy: 0.2286 - 3s/epoch - 137ms/step
Epoch 32/100
20/20 - 3s - loss: 0.6203 - accuracy: 0.8176 - val_loss: 4.5266 - val_accuracy: 0.2159 - 3s/epoch - 139ms/step
Epoch 33/100
20/20 - 3s - loss: 0.5607 - accuracy: 0.8351 - val_loss: 4.2799 - val_accuracy: 0.2746 - 3s/epoch - 138ms/step
Epoch 34/100
20/20 - 3s - loss: 0.5074 - accuracy: 0.8541 - val_loss: 4.3487 - val_accuracy: 0.2905 - 3s/epoch - 138ms/step
Epoch 35/100
20/20 - 3s - loss: 0.4905 - accuracy: 0.8665 - val_loss: 4.0693 - val_accuracy: 0.3079 - 3s/epoch - 133ms/step
Epoch 36/100
20/20 - 3s - loss: 0.4681 - accuracy: 0.8657 - val_loss: 4.0906 - val_accuracy: 0.3143 - 3s/epoch - 133ms/step
Epoch 37/100
20/20 - 3s - loss: 0.3932 - accuracy: 0.8871 - val_loss: 3.8294 - val_accuracy: 0.3651 - 3s/epoch - 134ms/step
Epoch 38/100
20/20 - 3s - loss: 0.3814 - accuracy: 0.8959 - val_loss: 4.5740 - val_accuracy: 0.2746 - 3s/epoch - 138ms/step
Epoch 39/100
20/20 - 3s - loss: 0.3207 - accuracy: 0.9130 - val_loss: 4.8492 - val_accuracy: 0.2667 - 3s/epoch - 138ms/step
Epoch 40/100
20/20 - 3s - loss: 0.3346 - accuracy: 0.9114 - val_loss: 3.8413 - val_accuracy: 0.3714 - 3s/epoch - 139ms/step
Epoch 41/100
20/20 - 3s - loss: 0.3059 - accuracy: 0.9177 - val_loss: 3.8203 - val_accuracy: 0.3540 - 3s/epoch - 138ms/step
Epoch 42/100
20/20 - 3s - loss: 0.2709 - accuracy: 0.9297 - val_loss: 3.8193 - val_accuracy: 0.3952 - 3s/epoch - 138ms/step
Epoch 43/100
20/20 - 3s - loss: 0.3080 - accuracy: 0.9106 - val_loss: 3.6689 - val_accuracy: 0.3921 - 3s/epoch - 137ms/step
Epoch 44/100
20/20 - 3s - loss: 0.2501 - accuracy: 0.9320 - val_loss: 3.8753 - val_accuracy: 0.3778 - 3s/epoch - 138ms/step
Epoch 45/100
20/20 - 3s - loss: 0.2352 - accuracy: 0.9356 - val_loss: 3.4746 - val_accuracy: 0.4222 - 3s/epoch - 139ms/step
Epoch 46/100
20/20 - 3s - loss: 0.2165 - accuracy: 0.9380 - val_loss: 3.4811 - val_accuracy: 0.4048 - 3s/epoch - 142ms/step
Epoch 47/100
20/20 - 3s - loss: 0.2123 - accuracy: 0.9404 - val_loss: 4.0550 - val_accuracy: 0.3635 - 3s/epoch - 138ms/step
Epoch 48/100
20/20 - 3s - loss: 0.1840 - accuracy: 0.9519 - val_loss: 3.5865 - val_accuracy: 0.4143 - 3s/epoch - 138ms/step
Epoch 49/100
20/20 - 3s - loss: 0.1828 - accuracy: 0.9531 - val_loss: 3.8904 - val_accuracy: 0.3571 - 3s/epoch - 138ms/step
Epoch 50/100
20/20 - 3s - loss: 0.1601 - accuracy: 0.9618 - val_loss: 3.9029 - val_accuracy: 0.3905 - 3s/epoch - 137ms/step
Epoch 51/100
20/20 - 3s - loss: 0.1632 - accuracy: 0.9563 - val_loss: 3.8630 - val_accuracy: 0.3651 - 3s/epoch - 140ms/step
Epoch 52/100
20/20 - 3s - loss: 0.1385 - accuracy: 0.9670 - val_loss: 3.8661 - val_accuracy: 0.3841 - 3s/epoch - 139ms/step
Epoch 53/100
20/20 - 3s - loss: 0.1329 - accuracy: 0.9694 - val_loss: 3.9841 - val_accuracy: 0.3714 - 3s/epoch - 139ms/step
Epoch 54/100
20/20 - 3s - loss: 0.1623 - accuracy: 0.9595 - val_loss: 4.3114 - val_accuracy: 0.3603 - 3s/epoch - 143ms/step
Epoch 55/100
20/20 - 3s - loss: 0.1529 - accuracy: 0.9571 - val_loss: 4.3243 - val_accuracy: 0.3460 - 3s/epoch - 138ms/step
Epoch 56/100
20/20 - 3s - loss: 0.1452 - accuracy: 0.9551 - val_loss: 4.2813 - val_accuracy: 0.3476 - 3s/epoch - 139ms/step
Epoch 57/100
20/20 - 3s - loss: 0.1212 - accuracy: 0.9710 - val_loss: 4.3234 - val_accuracy: 0.3159 - 3s/epoch - 137ms/step
Epoch 58/100
20/20 - 3s - loss: 0.1335 - accuracy: 0.9662 - val_loss: 4.6673 - val_accuracy: 0.3159 - 3s/epoch - 137ms/step
Epoch 59/100
20/20 - 3s - loss: 0.1356 - accuracy: 0.9603 - val_loss: 4.9103 - val_accuracy: 0.2857 - 3s/epoch - 139ms/step
Epoch 60/100
20/20 - 3s - loss: 0.1271 - accuracy: 0.9650 - val_loss: 4.6282 - val_accuracy: 0.3016 - 3s/epoch - 140ms/step
Epoch 61/100
20/20 - 3s - loss: 0.1389 - accuracy: 0.9607 - val_loss: 4.3244 - val_accuracy: 0.3238 - 3s/epoch - 157ms/step
Epoch 62/100
20/20 - 3s - loss: 0.1288 - accuracy: 0.9666 - val_loss: 4.1143 - val_accuracy: 0.3984 - 3s/epoch - 138ms/step
Epoch 63/100
20/20 - 3s - loss: 0.1290 - accuracy: 0.9630 - val_loss: 4.0239 - val_accuracy: 0.4127 - 3s/epoch - 138ms/step
Epoch 64/100
20/20 - 3s - loss: 0.1153 - accuracy: 0.9698 - val_loss: 3.9730 - val_accuracy: 0.4333 - 3s/epoch - 136ms/step
Epoch 65/100
20/20 - 3s - loss: 0.1058 - accuracy: 0.9738 - val_loss: 4.0245 - val_accuracy: 0.4159 - 3s/epoch - 136ms/step
Epoch 66/100
20/20 - 3s - loss: 0.0914 - accuracy: 0.9758 - val_loss: 4.4334 - val_accuracy: 0.3921 - 3s/epoch - 138ms/step
Epoch 67/100
20/20 - 3s - loss: 0.0911 - accuracy: 0.9773 - val_loss: 4.8173 - val_accuracy: 0.3730 - 3s/epoch - 145ms/step
Epoch 68/100
20/20 - 3s - loss: 0.0880 - accuracy: 0.9742 - val_loss: 4.4527 - val_accuracy: 0.3905 - 3s/epoch - 137ms/step
Epoch 69/100
20/20 - 3s - loss: 0.0857 - accuracy: 0.9769 - val_loss: 4.0077 - val_accuracy: 0.4222 - 3s/epoch - 138ms/step
Epoch 70/100
20/20 - 3s - loss: 0.0828 - accuracy: 0.9793 - val_loss: 4.7244 - val_accuracy: 0.3762 - 3s/epoch - 148ms/step
Epoch 71/100
20/20 - 3s - loss: 0.0728 - accuracy: 0.9821 - val_loss: 4.3512 - val_accuracy: 0.3825 - 3s/epoch - 139ms/step
Epoch 72/100
20/20 - 3s - loss: 0.0880 - accuracy: 0.9793 - val_loss: 4.5263 - val_accuracy: 0.3651 - 3s/epoch - 152ms/step
Epoch 73/100
20/20 - 3s - loss: 0.0679 - accuracy: 0.9821 - val_loss: 4.3779 - val_accuracy: 0.3825 - 3s/epoch - 141ms/step
Epoch 74/100
20/20 - 3s - loss: 0.0714 - accuracy: 0.9841 - val_loss: 4.4297 - val_accuracy: 0.3762 - 3s/epoch - 154ms/step
Epoch 75/100
20/20 - 3s - loss: 0.0743 - accuracy: 0.9805 - val_loss: 4.3676 - val_accuracy: 0.4032 - 3s/epoch - 137ms/step
Epoch 76/100
20/20 - 3s - loss: 0.0826 - accuracy: 0.9754 - val_loss: 4.3988 - val_accuracy: 0.4000 - 3s/epoch - 139ms/step
Epoch 77/100
20/20 - 3s - loss: 0.0908 - accuracy: 0.9746 - val_loss: 4.1107 - val_accuracy: 0.4206 - 3s/epoch - 140ms/step
Epoch 78/100
20/20 - 3s - loss: 0.0793 - accuracy: 0.9758 - val_loss: 4.1161 - val_accuracy: 0.4444 - 3s/epoch - 150ms/step
Epoch 79/100
20/20 - 3s - loss: 0.0720 - accuracy: 0.9789 - val_loss: 4.5345 - val_accuracy: 0.3968 - 3s/epoch - 139ms/step
Epoch 80/100
20/20 - 3s - loss: 0.0706 - accuracy: 0.9821 - val_loss: 4.6655 - val_accuracy: 0.3841 - 3s/epoch - 147ms/step
Epoch 81/100
20/20 - 3s - loss: 0.0651 - accuracy: 0.9833 - val_loss: 4.3210 - val_accuracy: 0.4032 - 3s/epoch - 138ms/step
Epoch 82/100
20/20 - 3s - loss: 0.0569 - accuracy: 0.9821 - val_loss: 4.9592 - val_accuracy: 0.3841 - 3s/epoch - 138ms/step
Epoch 83/100
20/20 - 3s - loss: 0.0584 - accuracy: 0.9861 - val_loss: 4.5751 - val_accuracy: 0.3968 - 3s/epoch - 140ms/step
Epoch 84/100
20/20 - 3s - loss: 0.0602 - accuracy: 0.9817 - val_loss: 4.4866 - val_accuracy: 0.4159 - 3s/epoch - 137ms/step
Epoch 85/100
20/20 - 3s - loss: 0.0627 - accuracy: 0.9845 - val_loss: 4.3334 - val_accuracy: 0.3937 - 3s/epoch - 139ms/step
Epoch 86/100
20/20 - 3s - loss: 0.0725 - accuracy: 0.9785 - val_loss: 4.2547 - val_accuracy: 0.4063 - 3s/epoch - 139ms/step
Epoch 87/100
20/20 - 3s - loss: 0.0626 - accuracy: 0.9833 - val_loss: 4.8378 - val_accuracy: 0.3571 - 3s/epoch - 140ms/step
Epoch 88/100
20/20 - 3s - loss: 0.0562 - accuracy: 0.9849 - val_loss: 4.8508 - val_accuracy: 0.3683 - 3s/epoch - 137ms/step
Epoch 89/100
20/20 - 3s - loss: 0.0616 - accuracy: 0.9845 - val_loss: 4.8490 - val_accuracy: 0.3825 - 3s/epoch - 139ms/step
Epoch 90/100
20/20 - 3s - loss: 0.0536 - accuracy: 0.9841 - val_loss: 4.1749 - val_accuracy: 0.4286 - 3s/epoch - 137ms/step
Epoch 91/100
20/20 - 3s - loss: 0.0554 - accuracy: 0.9853 - val_loss: 4.7211 - val_accuracy: 0.3714 - 3s/epoch - 139ms/step
Epoch 92/100
20/20 - 3s - loss: 0.0414 - accuracy: 0.9885 - val_loss: 4.4268 - val_accuracy: 0.4206 - 3s/epoch - 138ms/step
Epoch 93/100
20/20 - 3s - loss: 0.0414 - accuracy: 0.9885 - val_loss: 4.3109 - val_accuracy: 0.4444 - 3s/epoch - 135ms/step
Epoch 94/100
20/20 - 3s - loss: 0.0425 - accuracy: 0.9905 - val_loss: 4.3245 - val_accuracy: 0.4238 - 3s/epoch - 138ms/step
Epoch 95/100
20/20 - 3s - loss: 0.0410 - accuracy: 0.9901 - val_loss: 4.8712 - val_accuracy: 0.4127 - 3s/epoch - 136ms/step
Epoch 96/100
20/20 - 3s - loss: 0.0325 - accuracy: 0.9928 - val_loss: 4.4511 - val_accuracy: 0.4333 - 3s/epoch - 137ms/step
Epoch 97/100
20/20 - 3s - loss: 0.0318 - accuracy: 0.9913 - val_loss: 4.2789 - val_accuracy: 0.4508 - 3s/epoch - 135ms/step
Epoch 98/100
20/20 - 3s - loss: 0.0382 - accuracy: 0.9909 - val_loss: 4.3873 - val_accuracy: 0.4349 - 3s/epoch - 137ms/step
Epoch 99/100
20/20 - 3s - loss: 0.0445 - accuracy: 0.9889 - val_loss: 4.3042 - val_accuracy: 0.4365 - 3s/epoch - 135ms/step
Epoch 100/100
20/20 - 3s - loss: 0.0464 - accuracy: 0.9877 - val_loss: 4.9001 - val_accuracy: 0.4190 - 3s/epoch - 137ms/step
25/25 - 1s - loss: 4.3988 - accuracy: 0.4371 - 801ms/epoch - 32ms/step
Testing accuracy: 0.43710291385650635